app/build/intermediates/manifest_merge_blame_file/debug/manifest-merger-blame-debug-report.txt
1<?xml version="1.0" encoding="utf-8"?>
2<manifest xmlns:android="http://schemas.android.com/apk/res/android"
3    package="com.Vaibhav.unitconverter"
4    android:versionCode="5"
5    android:versionName="1.5" >
6
7    <uses-sdk
8        android:minSdkVersion="21"
8-->src\main\AndroidManifest.xml
9        android:targetSdkVersion="34" />
9-->src\main\AndroidManifest.xml
10
11    <!-- Include required permissions for Google Mobile Ads to run -->
12    <uses-permission android:name="android.permission.INTERNET" />
12-->[com.google.android.gms:play-services-ads-lite:20.5.0] AndroidManifest.xml:23:5-67
12-->[com.google.android.gms:play-services-ads-lite:20.5.0] AndroidManifest.xml:23:22-64
13    <uses-permission android:name="android.permission.ACCESS_NETWORK_STATE" />
13-->[com.google.android.gms:play-services-ads-lite:20.5.0] AndroidManifest.xml:24:5-79
13-->[com.google.android.gms:play-services-ads-lite:20.5.0] AndroidManifest.xml:24:22-76
14    <uses-permission android:name="com.google.android.gms.permission.AD_ID" /> <!-- Android package visibility setting -->
14-->[com.google.android.gms:play-services-ads-lite:20.5.0] AndroidManifest.xml:25:5-79
14-->[com.google.android.gms:play-services-ads-lite:20.5.0] AndroidManifest.xml:25:22-76
15    <queries>
15-->[com.google.android.gms:play-services-ads-lite:20.5.0] AndroidManifest.xml:28:5-44:15
16
17        <!-- For browser content -->
18        <intent>
18-->[com.google.android.gms:play-services-ads-lite:20.5.0] AndroidManifest.xml:31:9-37:18
19            <action android:name="android.intent.action.VIEW" />
19-->[com.google.android.gms:play-services-ads-lite:20.5.0] AndroidManifest.xml:32:13-65
19-->[com.google.android.gms:play-services-ads-lite:20.5.0] AndroidManifest.xml:32:21-62
20
21            <category android:name="android.intent.category.BROWSABLE" />
21-->[com.google.android.gms:play-services-ads-lite:20.5.0] AndroidManifest.xml:34:13-74
21-->[com.google.android.gms:play-services-ads-lite:20.5.0] AndroidManifest.xml:34:23-71
22
23            <data android:scheme="https" />
23-->[com.google.android.gms:play-services-ads-lite:20.5.0] AndroidManifest.xml:36:13-44
23-->[com.google.android.gms:play-services-ads-lite:20.5.0] AndroidManifest.xml:36:19-41
24        </intent>
25        <!-- End of browser content -->
26        <!-- For CustomTabsService -->
27        <intent>
27-->[com.google.android.gms:play-services-ads-lite:20.5.0] AndroidManifest.xml:40:9-42:18
28            <action android:name="android.support.customtabs.action.CustomTabsService" />
28-->[com.google.android.gms:play-services-ads-lite:20.5.0] AndroidManifest.xml:41:13-90
28-->[com.google.android.gms:play-services-ads-lite:20.5.0] AndroidManifest.xml:41:21-87
29        </intent>
30        <!-- End of CustomTabsService -->
31    </queries>
32
33    <uses-permission android:name="android.permission.WAKE_LOCK" />
33-->[com.google.android.gms:play-services-measurement-sdk-api:18.0.3] AndroidManifest.xml:25:5-68
33-->[com.google.android.gms:play-services-measurement-sdk-api:18.0.3] AndroidManifest.xml:25:22-65
34    <uses-permission android:name="android.permission.RECEIVE_BOOT_COMPLETED" />
34-->[androidx.work:work-runtime:2.7.0] AndroidManifest.xml:27:5-81
34-->[androidx.work:work-runtime:2.7.0] AndroidManifest.xml:27:22-78
35    <uses-permission android:name="android.permission.FOREGROUND_SERVICE" />
35-->[androidx.work:work-runtime:2.7.0] AndroidManifest.xml:28:5-77
35-->[androidx.work:work-runtime:2.7.0] AndroidManifest.xml:28:22-74
36
37    <application
37-->src\main\AndroidManifest.xml:6:5-66:19
38        android:allowBackup="true"
38-->src\main\AndroidManifest.xml:7:9-35
39        android:appComponentFactory="androidx.core.app.CoreComponentFactory"
39-->[androidx.core:core:1.8.0] AndroidManifest.xml:24:18-86
40        android:dataExtractionRules="@xml/data_extraction_rules"
40-->src\main\AndroidManifest.xml:8:9-65
41        android:debuggable="true"
42        android:fullBackupContent="@xml/backup_rules"
42-->src\main\AndroidManifest.xml:9:9-54
43        android:icon="@mipmap/ic_launcher"
43-->src\main\AndroidManifest.xml:10:9-43
44        android:label="@string/app_name"
44-->src\main\AndroidManifest.xml:11:9-41
45        android:roundIcon="@mipmap/ic_launcher_round"
45-->src\main\AndroidManifest.xml:12:9-54
46        android:supportsRtl="true"
46-->src\main\AndroidManifest.xml:13:9-35
47        android:testOnly="true"
48        android:theme="@style/Theme.UnitConverter" >
48-->src\main\AndroidManifest.xml:14:9-51
49        <activity
49-->src\main\AndroidManifest.xml:17:9-19:40
50            android:name="com.Vaibhav.unitconverter.nb"
50-->src\main\AndroidManifest.xml:18:13-56
51            android:exported="false" />
51-->src\main\AndroidManifest.xml:19:13-37
52        <activity
52-->src\main\AndroidManifest.xml:20:9-22:40
53            android:name="com.Vaibhav.unitconverter.volume"
53-->src\main\AndroidManifest.xml:21:13-60
54            android:exported="false" />
54-->src\main\AndroidManifest.xml:22:13-37
55        <activity
55-->src\main\AndroidManifest.xml:23:9-25:40
56            android:name="com.Vaibhav.unitconverter.angle"
56-->src\main\AndroidManifest.xml:24:13-59
57            android:exported="false" />
57-->src\main\AndroidManifest.xml:25:13-37
58        <activity
58-->src\main\AndroidManifest.xml:26:9-28:40
59            android:name="com.Vaibhav.unitconverter.data"
59-->src\main\AndroidManifest.xml:27:13-58
60            android:exported="false" />
60-->src\main\AndroidManifest.xml:28:13-37
61        <activity
61-->src\main\AndroidManifest.xml:29:9-31:40
62            android:name="com.Vaibhav.unitconverter.tr"
62-->src\main\AndroidManifest.xml:30:13-56
63            android:exported="false" />
63-->src\main\AndroidManifest.xml:31:13-37
64        <activity
64-->src\main\AndroidManifest.xml:32:9-34:40
65            android:name="com.Vaibhav.unitconverter.PeriodicTable"
65-->src\main\AndroidManifest.xml:33:13-67
66            android:exported="false" />
66-->src\main\AndroidManifest.xml:34:13-37
67        <activity
67-->src\main\AndroidManifest.xml:35:9-37:40
68            android:name="com.Vaibhav.unitconverter.area"
68-->src\main\AndroidManifest.xml:36:13-58
69            android:exported="false" />
69-->src\main\AndroidManifest.xml:37:13-37
70        <activity
70-->src\main\AndroidManifest.xml:38:9-40:40
71            android:name="com.Vaibhav.unitconverter.length"
71-->src\main\AndroidManifest.xml:39:13-60
72            android:exported="false" />
72-->src\main\AndroidManifest.xml:40:13-37
73        <activity
73-->src\main\AndroidManifest.xml:41:9-43:40
74            android:name="com.Vaibhav.unitconverter.weight"
74-->src\main\AndroidManifest.xml:42:13-60
75            android:exported="false" />
75-->src\main\AndroidManifest.xml:43:13-37
76        <activity
76-->src\main\AndroidManifest.xml:44:9-46:40
77            android:name="com.Vaibhav.unitconverter.time"
77-->src\main\AndroidManifest.xml:45:13-58
78            android:exported="false" />
78-->src\main\AndroidManifest.xml:46:13-37
79        <activity
79-->src\main\AndroidManifest.xml:47:9-49:40
80            android:name="com.Vaibhav.unitconverter.temperature"
80-->src\main\AndroidManifest.xml:48:13-65
81            android:exported="false" />
81-->src\main\AndroidManifest.xml:49:13-37
82        <activity
82-->src\main\AndroidManifest.xml:50:9-52:40
83            android:name="com.Vaibhav.unitconverter.speed"
83-->src\main\AndroidManifest.xml:51:13-59
84            android:exported="false" />
84-->src\main\AndroidManifest.xml:52:13-37
85        <activity
85-->src\main\AndroidManifest.xml:53:9-61:20
86            android:name="com.Vaibhav.unitconverter.MainActivity"
86-->src\main\AndroidManifest.xml:54:13-66
87            android:exported="true" >
87-->src\main\AndroidManifest.xml:55:13-36
88            <intent-filter>
88-->src\main\AndroidManifest.xml:56:13-60:29
89                <action android:name="android.intent.action.MAIN" />
89-->src\main\AndroidManifest.xml:57:17-69
89-->src\main\AndroidManifest.xml:57:25-66
90
91                <category android:name="android.intent.category.LAUNCHER" />
91-->src\main\AndroidManifest.xml:59:17-77
91-->src\main\AndroidManifest.xml:59:27-74
92            </intent-filter>
93        </activity>
94
95        <meta-data
95-->src\main\AndroidManifest.xml:63:9-65:45
96            android:name="com.google.android.gms.ads.APPLICATION_ID"
96-->src\main\AndroidManifest.xml:64:13-69
97            android:value="@string/APP_ID" />
97-->src\main\AndroidManifest.xml:65:13-43
98        <!-- Include the AdActivity and InAppPurchaseActivity configChanges and themes. -->
99        <activity
99-->[com.google.android.gms:play-services-ads-lite:20.5.0] AndroidManifest.xml:49:9-53:64
100            android:name="com.google.android.gms.ads.AdActivity"
100-->[com.google.android.gms:play-services-ads-lite:20.5.0] AndroidManifest.xml:50:13-65
101            android:configChanges="keyboard|keyboardHidden|orientation|screenLayout|uiMode|screenSize|smallestScreenSize"
101-->[com.google.android.gms:play-services-ads-lite:20.5.0] AndroidManifest.xml:51:13-122
102            android:exported="false"
102-->[com.google.android.gms:play-services-ads-lite:20.5.0] AndroidManifest.xml:52:13-37
103            android:theme="@android:style/Theme.Translucent" />
103-->[com.google.android.gms:play-services-ads-lite:20.5.0] AndroidManifest.xml:53:13-61
104
105        <provider
105-->[com.google.android.gms:play-services-ads-lite:20.5.0] AndroidManifest.xml:55:9-59:39
106            android:name="com.google.android.gms.ads.MobileAdsInitProvider"
106-->[com.google.android.gms:play-services-ads-lite:20.5.0] AndroidManifest.xml:56:13-76
107            android:authorities="com.Vaibhav.unitconverter.mobileadsinitprovider"
107-->[com.google.android.gms:play-services-ads-lite:20.5.0] AndroidManifest.xml:57:13-73
108            android:exported="false"
108-->[com.google.android.gms:play-services-ads-lite:20.5.0] AndroidManifest.xml:58:13-37
109            android:initOrder="100" />
109-->[com.google.android.gms:play-services-ads-lite:20.5.0] AndroidManifest.xml:59:13-36
110
111        <service
111-->[com.google.android.gms:play-services-ads-lite:20.5.0] AndroidManifest.xml:61:9-64:40
112            android:name="com.google.android.gms.ads.AdService"
112-->[com.google.android.gms:play-services-ads-lite:20.5.0] AndroidManifest.xml:62:13-64
113            android:enabled="true"
113-->[com.google.android.gms:play-services-ads-lite:20.5.0] AndroidManifest.xml:63:13-35
114            android:exported="false" />
114-->[com.google.android.gms:play-services-ads-lite:20.5.0] AndroidManifest.xml:64:13-37
115
116        <activity
116-->[com.google.android.gms:play-services-base:17.6.0] AndroidManifest.xml:23:9-26:75
117            android:name="com.google.android.gms.common.api.GoogleApiActivity"
117-->[com.google.android.gms:play-services-base:17.6.0] AndroidManifest.xml:24:13-79
118            android:exported="false"
118-->[com.google.android.gms:play-services-base:17.6.0] AndroidManifest.xml:25:13-37
119            android:theme="@android:style/Theme.Translucent.NoTitleBar" />
119-->[com.google.android.gms:play-services-base:17.6.0] AndroidManifest.xml:26:13-72
120
121        <meta-data
121-->[com.google.android.gms:play-services-basement:17.6.0] AndroidManifest.xml:23:9-25:69
122            android:name="com.google.android.gms.version"
122-->[com.google.android.gms:play-services-basement:17.6.0] AndroidManifest.xml:24:13-58
123            android:value="@integer/google_play_services_version" />
123-->[com.google.android.gms:play-services-basement:17.6.0] AndroidManifest.xml:25:13-66
124
125        <provider
125-->[androidx.emoji2:emoji2:1.2.0] AndroidManifest.xml:24:9-32:20
126            android:name="androidx.startup.InitializationProvider"
126-->[androidx.emoji2:emoji2:1.2.0] AndroidManifest.xml:25:13-67
127            android:authorities="com.Vaibhav.unitconverter.androidx-startup"
127-->[androidx.emoji2:emoji2:1.2.0] AndroidManifest.xml:26:13-68
128            android:exported="false" >
128-->[androidx.emoji2:emoji2:1.2.0] AndroidManifest.xml:27:13-37
129            <meta-data
129-->[androidx.emoji2:emoji2:1.2.0] AndroidManifest.xml:29:13-31:52
130                android:name="androidx.emoji2.text.EmojiCompatInitializer"
130-->[androidx.emoji2:emoji2:1.2.0] AndroidManifest.xml:30:17-75
131                android:value="androidx.startup" />
131-->[androidx.emoji2:emoji2:1.2.0] AndroidManifest.xml:31:17-49
132            <meta-data
132-->[androidx.work:work-runtime:2.7.0] AndroidManifest.xml:36:13-38:52
133                android:name="androidx.work.WorkManagerInitializer"
133-->[androidx.work:work-runtime:2.7.0] AndroidManifest.xml:37:17-68
134                android:value="androidx.startup" />
134-->[androidx.work:work-runtime:2.7.0] AndroidManifest.xml:38:17-49
135            <meta-data
135-->[androidx.lifecycle:lifecycle-process:2.4.1] AndroidManifest.xml:31:13-33:52
136                android:name="androidx.lifecycle.ProcessLifecycleInitializer"
136-->[androidx.lifecycle:lifecycle-process:2.4.1] AndroidManifest.xml:32:17-78
137                android:value="androidx.startup" />
137-->[androidx.lifecycle:lifecycle-process:2.4.1] AndroidManifest.xml:33:17-49
138        </provider>
139
140        <service
140-->[androidx.work:work-runtime:2.7.0] AndroidManifest.xml:41:9-46:35
141            android:name="androidx.work.impl.background.systemalarm.SystemAlarmService"
141-->[androidx.work:work-runtime:2.7.0] AndroidManifest.xml:42:13-88
142            android:directBootAware="false"
142-->[androidx.work:work-runtime:2.7.0] AndroidManifest.xml:43:13-44
143            android:enabled="@bool/enable_system_alarm_service_default"
143-->[androidx.work:work-runtime:2.7.0] AndroidManifest.xml:44:13-72
144            android:exported="false" />
144-->[androidx.work:work-runtime:2.7.0] AndroidManifest.xml:45:13-37
145        <service
145-->[androidx.work:work-runtime:2.7.0] AndroidManifest.xml:47:9-53:35
146            android:name="androidx.work.impl.background.systemjob.SystemJobService"
146-->[androidx.work:work-runtime:2.7.0] AndroidManifest.xml:48:13-84
147            android:directBootAware="false"
147-->[androidx.work:work-runtime:2.7.0] AndroidManifest.xml:49:13-44
148            android:enabled="@bool/enable_system_job_service_default"
148-->[androidx.work:work-runtime:2.7.0] AndroidManifest.xml:50:13-70
149            android:exported="true"
149-->[androidx.work:work-runtime:2.7.0] AndroidManifest.xml:51:13-36
150            android:permission="android.permission.BIND_JOB_SERVICE" />
150-->[androidx.work:work-runtime:2.7.0] AndroidManifest.xml:52:13-69
151        <service
151-->[androidx.work:work-runtime:2.7.0] AndroidManifest.xml:54:9-59:35
152            android:name="androidx.work.impl.foreground.SystemForegroundService"
152-->[androidx.work:work-runtime:2.7.0] AndroidManifest.xml:55:13-81
153            android:directBootAware="false"
153-->[androidx.work:work-runtime:2.7.0] AndroidManifest.xml:56:13-44
154            android:enabled="@bool/enable_system_foreground_service_default"
154-->[androidx.work:work-runtime:2.7.0] AndroidManifest.xml:57:13-77
155            android:exported="false" />
155-->[androidx.work:work-runtime:2.7.0] AndroidManifest.xml:58:13-37
156
157        <receiver
157-->[androidx.work:work-runtime:2.7.0] AndroidManifest.xml:61:9-66:35
158            android:name="androidx.work.impl.utils.ForceStopRunnable$BroadcastReceiver"
158-->[androidx.work:work-runtime:2.7.0] AndroidManifest.xml:62:13-88
159            android:directBootAware="false"
159-->[androidx.work:work-runtime:2.7.0] AndroidManifest.xml:63:13-44
160            android:enabled="true"
160-->[androidx.work:work-runtime:2.7.0] AndroidManifest.xml:64:13-35
161            android:exported="false" />
161-->[androidx.work:work-runtime:2.7.0] AndroidManifest.xml:65:13-37
162        <receiver
162-->[androidx.work:work-runtime:2.7.0] AndroidManifest.xml:67:9-77:20
163            android:name="androidx.work.impl.background.systemalarm.ConstraintProxy$BatteryChargingProxy"
163-->[androidx.work:work-runtime:2.7.0] AndroidManifest.xml:68:13-106
164            android:directBootAware="false"
164-->[androidx.work:work-runtime:2.7.0] AndroidManifest.xml:69:13-44
165            android:enabled="false"
165-->[androidx.work:work-runtime:2.7.0] AndroidManifest.xml:70:13-36
166            android:exported="false" >
166-->[androidx.work:work-runtime:2.7.0] AndroidManifest.xml:71:13-37
167            <intent-filter>
167-->[androidx.work:work-runtime:2.7.0] AndroidManifest.xml:73:13-76:29
168                <action android:name="android.intent.action.ACTION_POWER_CONNECTED" />
168-->[androidx.work:work-runtime:2.7.0] AndroidManifest.xml:74:17-87
168-->[androidx.work:work-runtime:2.7.0] AndroidManifest.xml:74:25-84
169                <action android:name="android.intent.action.ACTION_POWER_DISCONNECTED" />
169-->[androidx.work:work-runtime:2.7.0] AndroidManifest.xml:75:17-90
169-->[androidx.work:work-runtime:2.7.0] AndroidManifest.xml:75:25-87
170            </intent-filter>
171        </receiver>
172        <receiver
172-->[androidx.work:work-runtime:2.7.0] AndroidManifest.xml:78:9-88:20
173            android:name="androidx.work.impl.background.systemalarm.ConstraintProxy$BatteryNotLowProxy"
173-->[androidx.work:work-runtime:2.7.0] AndroidManifest.xml:79:13-104
174            android:directBootAware="false"
174-->[androidx.work:work-runtime:2.7.0] AndroidManifest.xml:80:13-44
175            android:enabled="false"
175-->[androidx.work:work-runtime:2.7.0] AndroidManifest.xml:81:13-36
176            android:exported="false" >
176-->[androidx.work:work-runtime:2.7.0] AndroidManifest.xml:82:13-37
177            <intent-filter>
177-->[androidx.work:work-runtime:2.7.0] AndroidManifest.xml:84:13-87:29
178                <action android:name="android.intent.action.BATTERY_OKAY" />
178-->[androidx.work:work-runtime:2.7.0] AndroidManifest.xml:85:17-77
178-->[androidx.work:work-runtime:2.7.0] AndroidManifest.xml:85:25-74
179                <action android:name="android.intent.action.BATTERY_LOW" />
179-->[androidx.work:work-runtime:2.7.0] AndroidManifest.xml:86:17-76
179-->[androidx.work:work-runtime:2.7.0] AndroidManifest.xml:86:25-73
180            </intent-filter>
181        </receiver>
182        <receiver
182-->[androidx.work:work-runtime:2.7.0] AndroidManifest.xml:89:9-99:20
183            android:name="androidx.work.impl.background.systemalarm.ConstraintProxy$StorageNotLowProxy"
183-->[androidx.work:work-runtime:2.7.0] AndroidManifest.xml:90:13-104
184            android:directBootAware="false"
184-->[androidx.work:work-runtime:2.7.0] AndroidManifest.xml:91:13-44
185            android:enabled="false"
185-->[androidx.work:work-runtime:2.7.0] AndroidManifest.xml:92:13-36
186            android:exported="false" >
186-->[androidx.work:work-runtime:2.7.0] AndroidManifest.xml:93:13-37
187            <intent-filter>
187-->[androidx.work:work-runtime:2.7.0] AndroidManifest.xml:95:13-98:29
188                <action android:name="android.intent.action.DEVICE_STORAGE_LOW" />
188-->[androidx.work:work-runtime:2.7.0] AndroidManifest.xml:96:17-83
188-->[androidx.work:work-runtime:2.7.0] AndroidManifest.xml:96:25-80
189                <action android:name="android.intent.action.DEVICE_STORAGE_OK" />
189-->[androidx.work:work-runtime:2.7.0] AndroidManifest.xml:97:17-82
189-->[androidx.work:work-runtime:2.7.0] AndroidManifest.xml:97:25-79
190            </intent-filter>
191        </receiver>
192        <receiver
192-->[androidx.work:work-runtime:2.7.0] AndroidManifest.xml:100:9-109:20
193            android:name="androidx.work.impl.background.systemalarm.ConstraintProxy$NetworkStateProxy"
193-->[androidx.work:work-runtime:2.7.0] AndroidManifest.xml:101:13-103
194            android:directBootAware="false"
194-->[androidx.work:work-runtime:2.7.0] AndroidManifest.xml:102:13-44
195            android:enabled="false"
195-->[androidx.work:work-runtime:2.7.0] AndroidManifest.xml:103:13-36
196            android:exported="false" >
196-->[androidx.work:work-runtime:2.7.0] AndroidManifest.xml:104:13-37
197            <intent-filter>
197-->[androidx.work:work-runtime:2.7.0] AndroidManifest.xml:106:13-108:29
198                <action android:name="android.net.conn.CONNECTIVITY_CHANGE" />
198-->[androidx.work:work-runtime:2.7.0] AndroidManifest.xml:107:17-79
198-->[androidx.work:work-runtime:2.7.0] AndroidManifest.xml:107:25-76
199            </intent-filter>
200        </receiver>
201        <receiver
201-->[androidx.work:work-runtime:2.7.0] AndroidManifest.xml:110:9-121:20
202            android:name="androidx.work.impl.background.systemalarm.RescheduleReceiver"
202-->[androidx.work:work-runtime:2.7.0] AndroidManifest.xml:111:13-88
203            android:directBootAware="false"
203-->[androidx.work:work-runtime:2.7.0] AndroidManifest.xml:112:13-44
204            android:enabled="false"
204-->[androidx.work:work-runtime:2.7.0] AndroidManifest.xml:113:13-36
205            android:exported="false" >
205-->[androidx.work:work-runtime:2.7.0] AndroidManifest.xml:114:13-37
206            <intent-filter>
206-->[androidx.work:work-runtime:2.7.0] AndroidManifest.xml:116:13-120:29
207                <action android:name="android.intent.action.BOOT_COMPLETED" />
207-->[androidx.work:work-runtime:2.7.0] AndroidManifest.xml:117:17-79
207-->[androidx.work:work-runtime:2.7.0] AndroidManifest.xml:117:25-76
208                <action android:name="android.intent.action.TIME_SET" />
208-->[androidx.work:work-runtime:2.7.0] AndroidManifest.xml:118:17-73
208-->[androidx.work:work-runtime:2.7.0] AndroidManifest.xml:118:25-70
209                <action android:name="android.intent.action.TIMEZONE_CHANGED" />
209-->[androidx.work:work-runtime:2.7.0] AndroidManifest.xml:119:17-81
209-->[androidx.work:work-runtime:2.7.0] AndroidManifest.xml:119:25-78
210            </intent-filter>
211        </receiver>
212        <receiver
212-->[androidx.work:work-runtime:2.7.0] AndroidManifest.xml:122:9-131:20
213            android:name="androidx.work.impl.background.systemalarm.ConstraintProxyUpdateReceiver"
213-->[androidx.work:work-runtime:2.7.0] AndroidManifest.xml:123:13-99
214            android:directBootAware="false"
214-->[androidx.work:work-runtime:2.7.0] AndroidManifest.xml:124:13-44
215            android:enabled="@bool/enable_system_alarm_service_default"
215-->[androidx.work:work-runtime:2.7.0] AndroidManifest.xml:125:13-72
216            android:exported="false" >
216-->[androidx.work:work-runtime:2.7.0] AndroidManifest.xml:126:13-37
217            <intent-filter>
217-->[androidx.work:work-runtime:2.7.0] AndroidManifest.xml:128:13-130:29
218                <action android:name="androidx.work.impl.background.systemalarm.UpdateProxies" />
218-->[androidx.work:work-runtime:2.7.0] AndroidManifest.xml:129:17-98
218-->[androidx.work:work-runtime:2.7.0] AndroidManifest.xml:129:25-95
219            </intent-filter>
220        </receiver>
221        <receiver
221-->[androidx.work:work-runtime:2.7.0] AndroidManifest.xml:132:9-142:20
222            android:name="androidx.work.impl.diagnostics.DiagnosticsReceiver"
222-->[androidx.work:work-runtime:2.7.0] AndroidManifest.xml:133:13-78
223            android:directBootAware="false"
223-->[androidx.work:work-runtime:2.7.0] AndroidManifest.xml:134:13-44
224            android:enabled="true"
224-->[androidx.work:work-runtime:2.7.0] AndroidManifest.xml:135:13-35
225            android:exported="true"
225-->[androidx.work:work-runtime:2.7.0] AndroidManifest.xml:136:13-36
226            android:permission="android.permission.DUMP" >
226-->[androidx.work:work-runtime:2.7.0] AndroidManifest.xml:137:13-57
227            <intent-filter>
227-->[androidx.work:work-runtime:2.7.0] AndroidManifest.xml:139:13-141:29
228                <action android:name="androidx.work.diagnostics.REQUEST_DIAGNOSTICS" />
228-->[androidx.work:work-runtime:2.7.0] AndroidManifest.xml:140:17-88
228-->[androidx.work:work-runtime:2.7.0] AndroidManifest.xml:140:25-85
229            </intent-filter>
230        </receiver>
231
232        <service
232-->[androidx.room:room-runtime:2.2.5] AndroidManifest.xml:25:9-28:40
233            android:name="androidx.room.MultiInstanceInvalidationService"
233-->[androidx.room:room-runtime:2.2.5] AndroidManifest.xml:26:13-74
234            android:directBootAware="true"
234-->[androidx.room:room-runtime:2.2.5] AndroidManifest.xml:27:13-43
235            android:exported="false" />
235-->[androidx.room:room-runtime:2.2.5] AndroidManifest.xml:28:13-37
236    </application>
237
238</manifest>